<?xml version="1.0" encoding="UTF-8"?>
<!-- Generated by org.testng.reporters.JUnitReportReporter -->
<testsuite skipped="0" hostname="BDC6-DX-6G88NK2" name="web.webtable" tests="1" failures="0" timestamp="19 Sep 2019 11:06:11 GMT" time="14.221" errors="0">
  <testcase name="f" time="14.221" classname="web.webtable"/>
</testsuite> <!-- web.webtable -->
