<?xml version="1.0" encoding="UTF-8"?>
<!-- Generated by org.testng.reporters.JUnitReportReporter -->
<testsuite skipped="0" hostname="BDC6-DX-6G88NK2" name="Day3.demo1" tests="1" failures="0" timestamp="19 Sep 2019 04:35:18 GMT" time="25.562" errors="0">
  <testcase name="f" time="25.562" classname="Day3.demo1"/>
</testsuite> <!-- Day3.demo1 -->
